<?xml version="1.0" encoding="UTF-8"?>
<!-- Generated by org.testng.reporters.JUnitXMLReporter -->
<testsuite ignored="11" hostname="LAPTOP-KPJMC264" failures="1" tests="2" name="Chrome Based" time="0.699" errors="0" timestamp="2021-10-06T11:02:52 GMT-04:00">
  <testcase classname="com.avesdo.tests.pages.BaseTest" name="@BeforeClass initialize" time="0.152">
    <failure type="java.lang.IllegalStateException" message="The driver executable does not exist: C:\Automation\Avesdo\_av_chromeDriverPath_av_">
      <![CDATA[java.lang.IllegalStateException: The driver executable does not exist: C:\Automation\Avesdo\_av_chromeDriverPath_av_
at com.google.common.base.Preconditions.checkState(Preconditions.java:585)
at org.openqa.selenium.remote.service.DriverService.checkExecutable(DriverService.java:146)
at org.openqa.selenium.remote.service.DriverService.findExecutable(DriverService.java:141)
at org.openqa.selenium.chrome.ChromeDriverService.access$000(ChromeDriverService.java:35)
at org.openqa.selenium.chrome.ChromeDriverService$Builder.findDefaultExecutable(ChromeDriverService.java:159)
at org.openqa.selenium.remote.service.DriverService$Builder.build(DriverService.java:355)
at org.openqa.selenium.chrome.ChromeDriverService.createDefaultService(ChromeDriverService.java:94)
at org.openqa.selenium.chrome.ChromeDriver.<init>(ChromeDriver.java:123)
at com.avesdo.factory.BrowserFactory.getDriver(BrowserFactory.java:38)
at com.avesdo.tests.pages.BaseTest.initialize(BaseTest.java:51)
at java.base/java.util.ArrayList.forEach(ArrayList.java:1511)
at java.base/java.util.concurrent.FutureTask.run(FutureTask.java:264)
at java.base/java.util.concurrent.ThreadPoolExecutor.runWorker(ThreadPoolExecutor.java:1130)
at java.base/java.util.concurrent.ThreadPoolExecutor$Worker.run(ThreadPoolExecutor.java:630)
at java.base/java.lang.Thread.run(Thread.java:831)
... Removed 16 stack frames]]>
    </failure>
  </testcase> <!-- @BeforeClass initialize -->
  <testcase classname="com.avesdo.tests.cases.TestAddStaff" name="login" time="0.0">
    <skipped/>
  </testcase> <!-- login -->
  <testcase classname="com.avesdo.tests.cases.TestAddStaff" name="login" time="0.473">
    <failure type="java.lang.NullPointerException" message="Cannot invoke &amp;quot;com.aventstack.extentreports.ExtentTest.log(com.aventstack.extentreports.Status, String)&amp;quot; because the return value of &amp;quot;com.avesdo.tests.utils.reports.ExtentTestManager.getTest()&amp;quot; is null">
      <![CDATA[java.lang.NullPointerException: Cannot invoke "com.aventstack.extentreports.ExtentTest.log(com.aventstack.extentreports.Status, String)" because the return value of "com.avesdo.tests.utils.reports.ExtentTestManager.getTest()" is null
at com.avesdo.tests.utils.listeners.TestListener.onTestSkipped(TestListener.java:69)
at java.base/java.util.ArrayList.forEach(ArrayList.java:1511)
at java.base/java.util.concurrent.FutureTask.run(FutureTask.java:264)
at java.base/java.util.concurrent.ThreadPoolExecutor.runWorker(ThreadPoolExecutor.java:1130)
at java.base/java.util.concurrent.ThreadPoolExecutor$Worker.run(ThreadPoolExecutor.java:630)
at java.base/java.lang.Thread.run(Thread.java:831)
... Removed 16 stack frames]]>
    </failure>
  </testcase> <!-- login -->
  <testcase classname="com.avesdo.tests.pages.BaseTest" name="@AfterSuite email" time="0.0">
    <ignored/>
  </testcase> <!-- @AfterSuite email -->
  <testcase classname="com.avesdo.tests.pages.BaseTest" name="@AfterSuite email" time="0.0">
    <ignored/>
  </testcase> <!-- @AfterSuite email -->
  <testcase classname="com.avesdo.tests.pages.BaseTest" name="@AfterSuite email" time="0.0">
    <ignored/>
  </testcase> <!-- @AfterSuite email -->
  <testcase classname="com.avesdo.tests.pages.BaseTest" name="@AfterSuite email" time="0.0">
    <ignored/>
  </testcase> <!-- @AfterSuite email -->
  <testcase classname="com.avesdo.tests.pages.BaseTest" name="@AfterSuite email" time="0.0">
    <ignored/>
  </testcase> <!-- @AfterSuite email -->
  <testcase classname="com.avesdo.tests.pages.BaseTest" name="@AfterSuite email" time="0.0">
    <ignored/>
  </testcase> <!-- @AfterSuite email -->
  <testcase classname="com.avesdo.tests.pages.BaseTest" name="@AfterSuite email" time="0.0">
    <ignored/>
  </testcase> <!-- @AfterSuite email -->
  <testcase classname="com.avesdo.tests.pages.BaseTest" name="@AfterSuite email" time="0.0">
    <ignored/>
  </testcase> <!-- @AfterSuite email -->
  <testcase classname="com.avesdo.tests.pages.BaseTest" name="@AfterSuite email" time="0.0">
    <ignored/>
  </testcase> <!-- @AfterSuite email -->
  <testcase classname="com.avesdo.tests.pages.BaseTest" name="@AfterSuite email" time="0.0">
    <ignored/>
  </testcase> <!-- @AfterSuite email -->
  <testcase classname="com.avesdo.tests.pages.BaseTest" name="@AfterSuite email" time="0.0">
    <ignored/>
  </testcase> <!-- @AfterSuite email -->
</testsuite> <!-- Chrome Based -->
